<?xml version="1.0" encoding="UTF-8"?>
<!-- Generated by org.testng.reporters.JUnitReportReporter -->
<testsuite hostname="HYDPCM144977L" name="testRunners.TestRunner" tests="1" failures="0" timestamp="30 Sep 2020 05:26:03 GMT" time="17.568" errors="0">
  <testcase name="feature" time="17.568" classname="testRunners.TestRunner"/>
</testsuite> <!-- testRunners.TestRunner -->
